25-05-09 16:03:40 ** --- MESSAGE BEGIN ---
25-05-09 16:03:40 ** To: palace790@gmail.com
25-05-09 16:03:40 ** Subject: 폼메일 예시 제목
25-05-09 16:03:40 ** From: 
25-05-09 16:03:40 ** Reply-To: 
25-05-09 16:03:40 ** Content-Type: text/html; charset=UTF-8
25-05-09 16:03:40 ** 
25-05-09 16:03:40 ** <html><body><h2>폼메일 예시 내용</h2><p><strong>이름:</strong> </p><p><strong>이메일:</strong> </p><p><strong>내용:</strong><br>1234</p></body></html>
25-05-09 16:03:40 ** --- MESSAGE END ---
25-05-09 16:03:41 ** Connecting to smtp.naver.com:465
25-05-09 16:03:42 ** Connected.
25-05-09 16:03:42 << 220 smtp.naver.com ESMTP REW21pSHRSWITPM5ME+D+g - nsmtp<EOL>
25-05-09 16:03:42 >> EHLO DESKTOP-L39BM60<EOL>
25-05-09 16:03:42 << 250-smtp.naver.com Pleased to meet you<EOL>250-SIZE 39845888<EOL>250-8BITMIME<EOL>250-PIPELINING<EOL>250-SMTPUTF8<EOL>250-AUTH PLAIN LOGIN<EOL>250 ENHANCEDSTATUSCODES<EOL>
25-05-09 16:03:42 ** Authenticating as palace0261@naver.com
25-05-09 16:03:42 >> AUTH LOGIN<EOL>
25-05-09 16:03:42 << 334 VXNlcm5hbWU6<EOL>
25-05-09 16:03:42 >> cGFsYWNlMDI2MUBuYXZlci5jb20=<EOL>
25-05-09 16:03:42 << 334 UGFzc3dvcmQ6<EOL>
25-05-09 16:03:42 >> U2ljNzkwIUAj<EOL>
25-05-09 16:03:42 << 235 2.7.0 Accepted REW21pSHRSWITPM5ME+D+g - nsmtp<EOL>
25-05-09 16:03:42 >> MAIL FROM: <palace0261@naver.com><EOL>
25-05-09 16:03:42 << 250 2.1.0 OK REW21pSHRSWITPM5ME+D+g - nsmtp<EOL>
25-05-09 16:03:42 >> RCPT TO: <palace790@gmail.com><EOL>
25-05-09 16:03:42 << 250 2.1.5 OK REW21pSHRSWITPM5ME+D+g - nsmtp<EOL>
25-05-09 16:03:42 >> DATA<EOL>
25-05-09 16:03:42 << 354 Go ahead REW21pSHRSWITPM5ME+D+g - nsmtp<EOL>
25-05-09 16:03:42 >> Date: Fri, 9 May 2025 16:03:42 +0900<EOL>
25-05-09 16:03:42 >> To: palace790@gmail.com<EOL>
25-05-09 16:03:42 >> Subject: 폼메일 예시 제목<EOL>
25-05-09 16:03:42 >> From: <EOL>
25-05-09 16:03:42 >> Reply-To: <EOL>
25-05-09 16:03:42 >> Content-Type: text/html; charset=UTF-8<EOL>
25-05-09 16:03:42 >> <EOL>
25-05-09 16:03:42 >> <html><body><h2>폼메일 예시 내용</h2><p><strong>이름:</strong> </p><p><strong>이메일:</strong> </p><p><strong>내용:</strong><br>1234</p></body></html><EOL>
25-05-09 16:03:42 >> .<EOL>
25-05-09 16:03:42 << 553 5.7.2 The sender address is not a valid RFC-5322 address REW21pSHRSWITPM5ME+D+g - nsmtp<EOL>
25-05-09 16:03:42 ** Disconnecting from smtp.naver.com:465
25-05-09 16:03:42 ** Disconnected.
25-05-09 16:03:42 ** Disconnected.
25-05-09 16:03:42 ** The sender address is not a valid RFC-5322 address REW21pSHRSWITPM5ME+D+g - nsmtp<EOL>
25-05-09 16:04:11 ** --- MESSAGE BEGIN ---
25-05-09 16:04:11 ** To: palace790@gmail.com
25-05-09 16:04:11 ** Subject: 폼메일 예시 제목
25-05-09 16:04:11 ** From: 4123@maver.com
25-05-09 16:04:11 ** Reply-To: 4123@maver.com
25-05-09 16:04:11 ** Content-Type: text/html; charset=UTF-8
25-05-09 16:04:11 ** 
25-05-09 16:04:11 ** <html><body><h2>폼메일 예시 내용</h2><p><strong>이름:</strong> 123</p><p><strong>이메일:</strong> 4123@maver.com</p><p><strong>내용:</strong><br>213</p></body></html>
25-05-09 16:04:11 ** --- MESSAGE END ---
25-05-09 16:04:12 ** Connecting to smtp.naver.com:465
25-05-09 16:04:12 ** Connected.
25-05-09 16:04:12 << 220 smtp.naver.com ESMTP 8crb1acVSua3ALx6XmTYTg - nsmtp<EOL>
25-05-09 16:04:12 >> EHLO DESKTOP-L39BM60<EOL>
25-05-09 16:04:12 << 250-smtp.naver.com Pleased to meet you<EOL>250-SIZE 39845888<EOL>250-8BITMIME<EOL>250-PIPELINING<EOL>250-SMTPUTF8<EOL>250-AUTH PLAIN LOGIN<EOL>250 ENHANCEDSTATUSCODES<EOL>
25-05-09 16:04:12 ** Authenticating as palace0261@naver.com
25-05-09 16:04:12 >> AUTH LOGIN<EOL>
25-05-09 16:04:12 << 334 VXNlcm5hbWU6<EOL>
25-05-09 16:04:12 >> cGFsYWNlMDI2MUBuYXZlci5jb20=<EOL>
25-05-09 16:04:12 << 334 UGFzc3dvcmQ6<EOL>
25-05-09 16:04:12 >> U2ljNzkwIUAj<EOL>
25-05-09 16:04:12 << 235 2.7.0 Accepted 8crb1acVSua3ALx6XmTYTg - nsmtp<EOL>
25-05-09 16:04:12 >> MAIL FROM: <palace0261@naver.com><EOL>
25-05-09 16:04:12 << 250 2.1.0 OK 8crb1acVSua3ALx6XmTYTg - nsmtp<EOL>
25-05-09 16:04:12 >> RCPT TO: <palace790@gmail.com><EOL>
25-05-09 16:04:12 << 250 2.1.5 OK 8crb1acVSua3ALx6XmTYTg - nsmtp<EOL>
25-05-09 16:04:12 >> DATA<EOL>
25-05-09 16:04:12 << 354 Go ahead 8crb1acVSua3ALx6XmTYTg - nsmtp<EOL>
25-05-09 16:04:12 >> Date: Fri, 9 May 2025 16:04:12 +0900<EOL>
25-05-09 16:04:12 >> To: palace790@gmail.com<EOL>
25-05-09 16:04:12 >> Subject: 폼메일 예시 제목<EOL>
25-05-09 16:04:12 >> From: 4123@maver.com<EOL>
25-05-09 16:04:12 >> Reply-To: 4123@maver.com<EOL>
25-05-09 16:04:12 >> Content-Type: text/html; charset=UTF-8<EOL>
25-05-09 16:04:12 >> <EOL>
25-05-09 16:04:12 >> <html><body><h2>폼메일 예시 내용</h2><p><strong>이름:</strong> 123</p><p><strong>이메일:</strong> 4123@maver.com</p><p><strong>내용:</strong><br>213</p></body></html><EOL>
25-05-09 16:04:12 >> .<EOL>
25-05-09 16:04:13 << 554 5.7.1 The sender address is unauthorized 8crb1acVSua3ALx6XmTYTg - nsmtp<EOL>
25-05-09 16:04:13 ** Disconnecting from smtp.naver.com:465
25-05-09 16:04:13 ** Disconnected.
25-05-09 16:04:13 ** Disconnected.
25-05-09 16:04:13 ** The sender address is unauthorized 8crb1acVSua3ALx6XmTYTg - nsmtp<EOL>
25-05-09 16:04:55 ** --- MESSAGE BEGIN ---
25-05-09 16:04:55 ** To: palace790@gmail.com
25-05-09 16:04:55 ** Subject: 폼메일 예시 제목
25-05-09 16:04:55 ** From: palace790@gmail.com
25-05-09 16:04:55 ** Reply-To: palace790@gmail.com
25-05-09 16:04:55 ** Content-Type: text/html; charset=UTF-8
25-05-09 16:04:55 ** 
25-05-09 16:04:55 ** <html><body><h2>폼메일 예시 내용</h2><p><strong>이름:</strong> 안녕하세요</p><p><strong>이메일:</strong> palace790@gmail.com</p><p><strong>내용:</strong><br>하이</p></body></html>
25-05-09 16:04:55 ** --- MESSAGE END ---
25-05-09 16:04:56 ** Connecting to smtp.naver.com:465
25-05-09 16:04:56 ** Connected.
25-05-09 16:04:56 << 220 smtp.naver.com ESMTP dW7sa819R7++weaRuA0FWg - nsmtp<EOL>
25-05-09 16:04:56 >> EHLO DESKTOP-L39BM60<EOL>
25-05-09 16:04:56 << 250-smtp.naver.com Pleased to meet you<EOL>250-SIZE 39845888<EOL>250-8BITMIME<EOL>250-PIPELINING<EOL>250-SMTPUTF8<EOL>250-AUTH PLAIN LOGIN<EOL>250 ENHANCEDSTATUSCODES<EOL>
25-05-09 16:04:56 ** Authenticating as palace0261@naver.com
25-05-09 16:04:56 >> AUTH LOGIN<EOL>
25-05-09 16:04:56 << 334 VXNlcm5hbWU6<EOL>
25-05-09 16:04:56 >> cGFsYWNlMDI2MUBuYXZlci5jb20=<EOL>
25-05-09 16:04:56 << 334 UGFzc3dvcmQ6<EOL>
25-05-09 16:04:56 >> U2ljNzkwIUAj<EOL>
25-05-09 16:04:56 << 235 2.7.0 Accepted dW7sa819R7++weaRuA0FWg - nsmtp<EOL>
25-05-09 16:04:56 >> MAIL FROM: <palace0261@naver.com><EOL>
25-05-09 16:04:56 << 250 2.1.0 OK dW7sa819R7++weaRuA0FWg - nsmtp<EOL>
25-05-09 16:04:56 >> RCPT TO: <palace790@gmail.com><EOL>
25-05-09 16:04:56 << 250 2.1.5 OK dW7sa819R7++weaRuA0FWg - nsmtp<EOL>
25-05-09 16:04:56 >> DATA<EOL>
25-05-09 16:04:56 << 354 Go ahead dW7sa819R7++weaRuA0FWg - nsmtp<EOL>
25-05-09 16:04:56 >> Date: Fri, 9 May 2025 16:04:56 +0900<EOL>
25-05-09 16:04:56 >> To: palace790@gmail.com<EOL>
25-05-09 16:04:56 >> Subject: 폼메일 예시 제목<EOL>
25-05-09 16:04:56 >> From: palace790@gmail.com<EOL>
25-05-09 16:04:56 >> Reply-To: palace790@gmail.com<EOL>
25-05-09 16:04:56 >> Content-Type: text/html; charset=UTF-8<EOL>
25-05-09 16:04:56 >> <EOL>
25-05-09 16:04:56 >> <html><body><h2>폼메일 예시 내용</h2><p><strong>이름:</strong> 안녕하세요</p><p><strong>이메일:</strong> palace790@gmail.com</p><p><strong>내용:</strong><br>하이</p></body></html><EOL>
25-05-09 16:04:56 >> .<EOL>
25-05-09 16:04:56 << 554 5.7.1 The sender address is unauthorized dW7sa819R7++weaRuA0FWg - nsmtp<EOL>
25-05-09 16:04:56 ** Disconnecting from smtp.naver.com:465
25-05-09 16:04:56 ** Disconnected.
25-05-09 16:04:56 ** Disconnected.
25-05-09 16:04:56 ** The sender address is unauthorized dW7sa819R7++weaRuA0FWg - nsmtp<EOL>
25-05-09 16:05:38 ** --- MESSAGE BEGIN ---
25-05-09 16:05:38 ** To: palace0261@naver.com
25-05-09 16:05:38 ** Subject: 폼메일 예시 제목
25-05-09 16:05:38 ** From: palace790@gmail.com
25-05-09 16:05:38 ** Reply-To: palace790@gmail.com
25-05-09 16:05:38 ** Content-Type: text/html; charset=UTF-8
25-05-09 16:05:38 ** 
25-05-09 16:05:38 ** <html><body><h2>폼메일 예시 내용</h2><p><strong>이름:</strong> 안녕하세요</p><p><strong>이메일:</strong> palace790@gmail.com</p><p><strong>내용:</strong><br>하이</p></body></html>
25-05-09 16:05:38 ** --- MESSAGE END ---
25-05-09 16:05:39 ** Connecting to smtp.naver.com:465
25-05-09 16:05:39 ** Connected.
25-05-09 16:05:39 << 220 smtp.naver.com ESMTP yhFUMcLBST2RTW5eaSd4Ig - nsmtp<EOL>
25-05-09 16:05:39 >> EHLO DESKTOP-L39BM60<EOL>
25-05-09 16:05:39 << 250-smtp.naver.com Pleased to meet you<EOL>250-SIZE 39845888<EOL>250-8BITMIME<EOL>250-PIPELINING<EOL>250-SMTPUTF8<EOL>250-AUTH PLAIN LOGIN<EOL>250 ENHANCEDSTATUSCODES<EOL>
25-05-09 16:05:39 ** Authenticating as palace0261@naver.com
25-05-09 16:05:39 >> AUTH LOGIN<EOL>
25-05-09 16:05:39 << 334 VXNlcm5hbWU6<EOL>
25-05-09 16:05:39 >> cGFsYWNlMDI2MUBuYXZlci5jb20=<EOL>
25-05-09 16:05:39 << 334 UGFzc3dvcmQ6<EOL>
25-05-09 16:05:39 >> U2ljNzkwIUAj<EOL>
25-05-09 16:05:39 << 235 2.7.0 Accepted yhFUMcLBST2RTW5eaSd4Ig - nsmtp<EOL>
25-05-09 16:05:39 >> MAIL FROM: <palace0261@naver.com><EOL>
25-05-09 16:05:39 << 250 2.1.0 OK yhFUMcLBST2RTW5eaSd4Ig - nsmtp<EOL>
25-05-09 16:05:39 >> RCPT TO: <palace0261@naver.com><EOL>
25-05-09 16:05:39 << 250 2.1.5 OK yhFUMcLBST2RTW5eaSd4Ig - nsmtp<EOL>
25-05-09 16:05:39 >> DATA<EOL>
25-05-09 16:05:39 << 354 Go ahead yhFUMcLBST2RTW5eaSd4Ig - nsmtp<EOL>
25-05-09 16:05:39 >> Date: Fri, 9 May 2025 16:05:39 +0900<EOL>
25-05-09 16:05:39 >> To: palace0261@naver.com<EOL>
25-05-09 16:05:39 >> Subject: 폼메일 예시 제목<EOL>
25-05-09 16:05:39 >> From: palace790@gmail.com<EOL>
25-05-09 16:05:39 >> Reply-To: palace790@gmail.com<EOL>
25-05-09 16:05:39 >> Content-Type: text/html; charset=UTF-8<EOL>
25-05-09 16:05:39 >> <EOL>
25-05-09 16:05:39 >> <html><body><h2>폼메일 예시 내용</h2><p><strong>이름:</strong> 안녕하세요</p><p><strong>이메일:</strong> palace790@gmail.com</p><p><strong>내용:</strong><br>하이</p></body></html><EOL>
25-05-09 16:05:39 >> .<EOL>
25-05-09 16:05:39 << 554 5.7.1 The sender address is unauthorized yhFUMcLBST2RTW5eaSd4Ig - nsmtp<EOL>
25-05-09 16:05:39 ** Disconnecting from smtp.naver.com:465
25-05-09 16:05:39 ** Disconnected.
25-05-09 16:05:39 ** Disconnected.
25-05-09 16:05:39 ** The sender address is unauthorized yhFUMcLBST2RTW5eaSd4Ig - nsmtp<EOL>
25-05-09 16:05:49 ** --- MESSAGE BEGIN ---
25-05-09 16:05:49 ** To: palace0261@naver.com
25-05-09 16:05:49 ** Subject: 폼메일 예시 제목
25-05-09 16:05:49 ** From: asd@asd
25-05-09 16:05:49 ** Reply-To: asd@asd
25-05-09 16:05:49 ** Content-Type: text/html; charset=UTF-8
25-05-09 16:05:49 ** 
25-05-09 16:05:49 ** <html><body><h2>폼메일 예시 내용</h2><p><strong>이름:</strong> 123</p><p><strong>이메일:</strong> asd@asd</p><p><strong>내용:</strong><br>asd</p></body></html>
25-05-09 16:05:49 ** --- MESSAGE END ---
25-05-09 16:05:51 ** Connecting to smtp.naver.com:465
25-05-09 16:05:51 ** Connected.
25-05-09 16:05:51 << 220 smtp.naver.com ESMTP lDnWRBAmS2OmTEEZWfSzdA - nsmtp<EOL>
25-05-09 16:05:51 >> EHLO DESKTOP-L39BM60<EOL>
25-05-09 16:05:51 << 250-smtp.naver.com Pleased to meet you<EOL>250-SIZE 39845888<EOL>250-8BITMIME<EOL>250-PIPELINING<EOL>250-SMTPUTF8<EOL>250-AUTH PLAIN LOGIN<EOL>250 ENHANCEDSTATUSCODES<EOL>
25-05-09 16:05:51 ** Authenticating as palace0261@naver.com
25-05-09 16:05:51 >> AUTH LOGIN<EOL>
25-05-09 16:05:51 << 334 VXNlcm5hbWU6<EOL>
25-05-09 16:05:51 >> cGFsYWNlMDI2MUBuYXZlci5jb20=<EOL>
25-05-09 16:05:51 << 334 UGFzc3dvcmQ6<EOL>
25-05-09 16:05:51 >> U2ljNzkwIUAj<EOL>
25-05-09 16:05:51 << 235 2.7.0 Accepted lDnWRBAmS2OmTEEZWfSzdA - nsmtp<EOL>
25-05-09 16:05:51 >> MAIL FROM: <palace0261@naver.com><EOL>
25-05-09 16:05:51 << 250 2.1.0 OK lDnWRBAmS2OmTEEZWfSzdA - nsmtp<EOL>
25-05-09 16:05:51 >> RCPT TO: <palace0261@naver.com><EOL>
25-05-09 16:05:51 << 250 2.1.5 OK lDnWRBAmS2OmTEEZWfSzdA - nsmtp<EOL>
25-05-09 16:05:51 >> DATA<EOL>
25-05-09 16:05:51 << 354 Go ahead lDnWRBAmS2OmTEEZWfSzdA - nsmtp<EOL>
25-05-09 16:05:51 >> Date: Fri, 9 May 2025 16:05:51 +0900<EOL>
25-05-09 16:05:51 >> To: palace0261@naver.com<EOL>
25-05-09 16:05:51 >> Subject: 폼메일 예시 제목<EOL>
25-05-09 16:05:51 >> From: asd@asd<EOL>
25-05-09 16:05:51 >> Reply-To: asd@asd<EOL>
25-05-09 16:05:51 >> Content-Type: text/html; charset=UTF-8<EOL>
25-05-09 16:05:51 >> <EOL>
25-05-09 16:05:51 >> <html><body><h2>폼메일 예시 내용</h2><p><strong>이름:</strong> 123</p><p><strong>이메일:</strong> asd@asd</p><p><strong>내용:</strong><br>asd</p></body></html><EOL>
25-05-09 16:05:51 >> .<EOL>
25-05-09 16:05:51 << 554 5.7.1 The sender address is unauthorized lDnWRBAmS2OmTEEZWfSzdA - nsmtp<EOL>
25-05-09 16:05:51 ** Disconnected.
25-05-09 16:05:51 ** Disconnected.
25-05-09 16:05:51 ** Disconnected.
25-05-09 16:05:51 ** The sender address is unauthorized lDnWRBAmS2OmTEEZWfSzdA - nsmtp<EOL>
25-05-09 16:06:53 ** --- MESSAGE BEGIN ---
25-05-09 16:06:53 ** To: palace0261@naver.com
25-05-09 16:06:53 ** Subject: 폼메일 예시 제목
25-05-09 16:06:53 ** From: asd@asd.com
25-05-09 16:06:53 ** Reply-To: asd@asd.com
25-05-09 16:06:53 ** Content-Type: text/html; charset=UTF-8
25-05-09 16:06:53 ** 
25-05-09 16:06:53 ** <html><body><h2>폼메일 예시 내용</h2><p><strong>이름:</strong> 123</p><p><strong>이메일:</strong> asd@asd.com</p><p><strong>내용:</strong><br>asd</p></body></html>
25-05-09 16:06:53 ** --- MESSAGE END ---
25-05-09 16:06:54 ** Connecting to smtp.naver.com:465
25-05-09 16:06:54 ** Connected.
25-05-09 16:06:54 << 220 smtp.naver.com ESMTP GBDRn5P0S5Wts29USj6epQ - nsmtp<EOL>
25-05-09 16:06:54 >> EHLO DESKTOP-L39BM60<EOL>
25-05-09 16:06:54 << 250-smtp.naver.com Pleased to meet you<EOL>250-SIZE 39845888<EOL>250-8BITMIME<EOL>250-PIPELINING<EOL>250-SMTPUTF8<EOL>250-AUTH PLAIN LOGIN<EOL>250 ENHANCEDSTATUSCODES<EOL>
25-05-09 16:06:54 ** Authenticating as palace0261@naver.com
25-05-09 16:06:54 >> AUTH LOGIN<EOL>
25-05-09 16:06:54 << 334 VXNlcm5hbWU6<EOL>
25-05-09 16:06:54 >> cGFsYWNlMDI2MUBuYXZlci5jb20=<EOL>
25-05-09 16:06:54 << 334 UGFzc3dvcmQ6<EOL>
25-05-09 16:06:54 >> U2ljNzkwIUAj<EOL>
25-05-09 16:06:54 << 235 2.7.0 Accepted GBDRn5P0S5Wts29USj6epQ - nsmtp<EOL>
25-05-09 16:06:54 >> MAIL FROM: <palace0261@naver.com><EOL>
25-05-09 16:06:54 << 250 2.1.0 OK GBDRn5P0S5Wts29USj6epQ - nsmtp<EOL>
25-05-09 16:06:54 >> RCPT TO: <palace0261@naver.com><EOL>
25-05-09 16:06:54 << 250 2.1.5 OK GBDRn5P0S5Wts29USj6epQ - nsmtp<EOL>
25-05-09 16:06:54 >> DATA<EOL>
25-05-09 16:06:54 << 354 Go ahead GBDRn5P0S5Wts29USj6epQ - nsmtp<EOL>
25-05-09 16:06:54 >> Date: Fri, 9 May 2025 16:06:54 +0900<EOL>
25-05-09 16:06:54 >> To: palace0261@naver.com<EOL>
25-05-09 16:06:54 >> Subject: 폼메일 예시 제목<EOL>
25-05-09 16:06:54 >> From: asd@asd.com<EOL>
25-05-09 16:06:54 >> Reply-To: asd@asd.com<EOL>
25-05-09 16:06:54 >> Content-Type: text/html; charset=UTF-8<EOL>
25-05-09 16:06:54 >> <EOL>
25-05-09 16:06:54 >> <html><body><h2>폼메일 예시 내용</h2><p><strong>이름:</strong> 123</p><p><strong>이메일:</strong> asd@asd.com</p><p><strong>내용:</strong><br>asd</p></body></html><EOL>
25-05-09 16:06:54 >> .<EOL>
25-05-09 16:06:55 << 554 5.7.1 The sender address is unauthorized GBDRn5P0S5Wts29USj6epQ - nsmtp<EOL>
25-05-09 16:06:55 ** Disconnected.
25-05-09 16:06:55 ** Disconnected.
25-05-09 16:06:55 ** Disconnected.
25-05-09 16:06:55 ** The sender address is unauthorized GBDRn5P0S5Wts29USj6epQ - nsmtp<EOL>
25-05-09 16:09:16 ** --- MESSAGE BEGIN ---
25-05-09 16:09:16 ** To: 폼메일 예시
25-05-09 16:09:16 ** Subject: <html><body><h2>폼메일 예시 내용</h2><p><strong>이름:</strong> 123</p><p><strong>이메일:</strong> asd@asd.com</p><p><strong>내용:</strong><br>asd</p></body></html>
25-05-09 16:09:16 ** 
25-05-09 16:09:16 ** From: asd@asd.com
25-05-09 16:09:16 ** Reply-To: asd@asd.com
25-05-09 16:09:16 ** Content-Type: text/html; charset=UTF-8
25-05-09 16:09:16 ** 
25-05-09 16:09:16 ** --- MESSAGE END ---
25-05-09 16:09:17 ** Connecting to smtp.naver.com:465
25-05-09 16:09:18 ** Connected.
25-05-09 16:09:18 << 220 smtp.naver.com ESMTP lafB+WYvTQad0nAt6e8LLQ - nsmtp<EOL>
25-05-09 16:09:18 >> EHLO DESKTOP-L39BM60<EOL>
25-05-09 16:09:18 << 250-smtp.naver.com Pleased to meet you<EOL>250-SIZE 39845888<EOL>250-8BITMIME<EOL>250-PIPELINING<EOL>250-SMTPUTF8<EOL>250-AUTH PLAIN LOGIN<EOL>250 ENHANCEDSTATUSCODES<EOL>
25-05-09 16:09:18 ** Authenticating as palace0261@naver.com
25-05-09 16:09:18 >> AUTH LOGIN<EOL>
25-05-09 16:09:18 << 334 VXNlcm5hbWU6<EOL>
25-05-09 16:09:18 >> cGFsYWNlMDI2MUBuYXZlci5jb20=<EOL>
25-05-09 16:09:18 << 334 UGFzc3dvcmQ6<EOL>
25-05-09 16:09:18 >> U2ljNzkwIUAj<EOL>
25-05-09 16:09:18 << 235 2.7.0 Accepted lafB+WYvTQad0nAt6e8LLQ - nsmtp<EOL>
25-05-09 16:09:18 >> MAIL FROM: <palace0261@naver.com><EOL>
25-05-09 16:09:18 << 250 2.1.0 OK lafB+WYvTQad0nAt6e8LLQ - nsmtp<EOL>
25-05-09 16:09:18 >> RCPT TO: <@><EOL>
25-05-09 16:09:18 << 553 5.1.2 The recipient address is not a valid RFC-5321 address lafB+WYvTQad0nAt6e8LLQ - nsmtp<EOL>
25-05-09 16:09:18 ** Disconnecting from smtp.naver.com:465
25-05-09 16:09:18 ** Disconnected.
25-05-09 16:09:18 ** Disconnected.
25-05-09 16:09:18 ** The recipient address is not a valid RFC-5321 address lafB+WYvTQad0nAt6e8LLQ - nsmtp<EOL>
25-05-09 16:11:56 ** --- MESSAGE BEGIN ---
25-05-09 16:11:56 ** To: recipient@example.com
25-05-09 16:11:56 ** Subject: Test Email
25-05-09 16:11:56 ** From: sender@example.com
25-05-09 16:11:56 ** 
25-05-09 16:11:56 ** This is a test email.
25-05-09 16:11:56 ** --- MESSAGE END ---
25-05-09 16:11:58 ** Connecting to smtp.naver.com:465
25-05-09 16:11:58 ** Connected.
25-05-09 16:11:58 << 220 smtp.naver.com ESMTP c0LtI-wkS32pIzqIJFpopA - nsmtp<EOL>
25-05-09 16:11:58 >> EHLO DESKTOP-L39BM60<EOL>
25-05-09 16:11:58 << 250-smtp.naver.com Pleased to meet you<EOL>250-SIZE 39845888<EOL>250-8BITMIME<EOL>250-PIPELINING<EOL>250-SMTPUTF8<EOL>250-AUTH PLAIN LOGIN<EOL>250 ENHANCEDSTATUSCODES<EOL>
25-05-09 16:11:58 ** Authenticating as palace0261@naver.com
25-05-09 16:11:58 >> AUTH LOGIN<EOL>
25-05-09 16:11:58 << 334 VXNlcm5hbWU6<EOL>
25-05-09 16:11:58 >> cGFsYWNlMDI2MUBuYXZlci5jb20=<EOL>
25-05-09 16:11:58 << 334 UGFzc3dvcmQ6<EOL>
25-05-09 16:11:58 >> U2ljNzkwIUAj<EOL>
25-05-09 16:11:58 << 235 2.7.0 Accepted c0LtI-wkS32pIzqIJFpopA - nsmtp<EOL>
25-05-09 16:11:58 >> MAIL FROM: <palace0261@naver.com><EOL>
25-05-09 16:11:58 << 250 2.1.0 OK c0LtI-wkS32pIzqIJFpopA - nsmtp<EOL>
25-05-09 16:11:58 >> RCPT TO: <recipient@example.com><EOL>
25-05-09 16:11:58 << 250 2.1.5 OK c0LtI-wkS32pIzqIJFpopA - nsmtp<EOL>
25-05-09 16:11:58 >> DATA<EOL>
25-05-09 16:11:58 << 354 Go ahead c0LtI-wkS32pIzqIJFpopA - nsmtp<EOL>
25-05-09 16:11:58 >> Date: Fri, 9 May 2025 16:11:58 +0900<EOL>
25-05-09 16:11:58 >> To: recipient@example.com<EOL>
25-05-09 16:11:58 >> Subject: Test Email<EOL>
25-05-09 16:11:58 >> From: sender@example.com<EOL>
25-05-09 16:11:58 >> <EOL>
25-05-09 16:11:58 >> This is a test email.<EOL>
25-05-09 16:11:58 >> .<EOL>
25-05-09 16:11:58 << 554 5.7.1 The sender address is unauthorized c0LtI-wkS32pIzqIJFpopA - nsmtp<EOL>
25-05-09 16:11:58 ** Disconnected.
25-05-09 16:11:58 ** Disconnected.
25-05-09 16:11:58 ** Disconnected.
25-05-09 16:11:58 ** The sender address is unauthorized c0LtI-wkS32pIzqIJFpopA - nsmtp<EOL>
25-05-09 16:13:45 ** --- MESSAGE BEGIN ---
25-05-09 16:13:45 ** To: palace0261@naver.com
25-05-09 16:13:45 ** Subject: Form Submission
25-05-09 16:13:45 ** From: webmaster@example.com
25-05-09 16:13:45 ** Reply-To: webmaster@example.com
25-05-09 16:13:45 ** Content-Type: text/plain; charset=UTF-8
25-05-09 16:13:45 ** 
25-05-09 16:13:45 ** This is a test email sent from the form.
25-05-09 16:13:45 ** --- MESSAGE END ---
25-05-09 16:13:46 ** Connecting to smtp.naver.com:465
25-05-09 16:13:47 ** Connected.
25-05-09 16:13:47 << 220 smtp.naver.com ESMTP HXkp6VCwT-ymTbYjpbBuPw - nsmtp<EOL>
25-05-09 16:13:47 >> EHLO DESKTOP-L39BM60<EOL>
25-05-09 16:13:47 << 250-smtp.naver.com Pleased to meet you<EOL>250-SIZE 39845888<EOL>250-8BITMIME<EOL>250-PIPELINING<EOL>250-SMTPUTF8<EOL>250-AUTH PLAIN LOGIN<EOL>250 ENHANCEDSTATUSCODES<EOL>
25-05-09 16:13:47 ** Authenticating as palace0261@naver.com
25-05-09 16:13:47 >> AUTH LOGIN<EOL>
25-05-09 16:13:47 << 334 VXNlcm5hbWU6<EOL>
25-05-09 16:13:47 >> cGFsYWNlMDI2MUBuYXZlci5jb20=<EOL>
25-05-09 16:13:47 << 334 UGFzc3dvcmQ6<EOL>
25-05-09 16:13:47 >> U2ljNzkwIUAj<EOL>
25-05-09 16:13:47 << 235 2.7.0 Accepted HXkp6VCwT-ymTbYjpbBuPw - nsmtp<EOL>
25-05-09 16:13:47 >> MAIL FROM: <palace0261@naver.com><EOL>
25-05-09 16:13:47 << 250 2.1.0 OK HXkp6VCwT-ymTbYjpbBuPw - nsmtp<EOL>
25-05-09 16:13:47 >> RCPT TO: <palace0261@naver.com><EOL>
25-05-09 16:13:47 << 250 2.1.5 OK HXkp6VCwT-ymTbYjpbBuPw - nsmtp<EOL>
25-05-09 16:13:47 >> DATA<EOL>
25-05-09 16:13:47 << 354 Go ahead HXkp6VCwT-ymTbYjpbBuPw - nsmtp<EOL>
25-05-09 16:13:47 >> Date: Fri, 9 May 2025 16:13:47 +0900<EOL>
25-05-09 16:13:47 >> To: palace0261@naver.com<EOL>
25-05-09 16:13:47 >> Subject: Form Submission<EOL>
25-05-09 16:13:47 >> From: webmaster@example.com<EOL>
25-05-09 16:13:47 >> Reply-To: webmaster@example.com<EOL>
25-05-09 16:13:47 >> Content-Type: text/plain; charset=UTF-8<EOL>
25-05-09 16:13:47 >> <EOL>
25-05-09 16:13:47 >> This is a test email sent from the form.<EOL>
25-05-09 16:13:47 >> .<EOL>
25-05-09 16:13:47 << 554 5.7.1 The sender address is unauthorized HXkp6VCwT-ymTbYjpbBuPw - nsmtp<EOL>
25-05-09 16:13:47 ** Disconnecting from smtp.naver.com:465
25-05-09 16:13:47 ** Disconnected.
25-05-09 16:13:47 ** Disconnected.
25-05-09 16:13:47 ** The sender address is unauthorized HXkp6VCwT-ymTbYjpbBuPw - nsmtp<EOL>
25-05-09 16:13:59 ** --- MESSAGE BEGIN ---
25-05-09 16:13:59 ** To: palace0261@naver.com
25-05-09 16:13:59 ** Subject: Form Submission
25-05-09 16:13:59 ** From: webmaster@example.com
25-05-09 16:13:59 ** Reply-To: webmaster@example.com
25-05-09 16:13:59 ** Content-Type: text/plain; charset=UTF-8
25-05-09 16:13:59 ** 
25-05-09 16:13:59 ** This is a test email sent from the form.
25-05-09 16:13:59 ** --- MESSAGE END ---
25-05-09 16:14:01 ** Connecting to smtp.naver.com:465
25-05-09 16:14:01 ** Connected.
25-05-09 16:14:01 << 220 smtp.naver.com ESMTP mnpo+se+TB61Lyx2ZAHY9Q - nsmtp<EOL>
25-05-09 16:14:01 >> EHLO DESKTOP-L39BM60<EOL>
25-05-09 16:14:01 << 250-smtp.naver.com Pleased to meet you<EOL>250-SIZE 39845888<EOL>250-8BITMIME<EOL>250-PIPELINING<EOL>250-SMTPUTF8<EOL>250-AUTH PLAIN LOGIN<EOL>250 ENHANCEDSTATUSCODES<EOL>
25-05-09 16:14:01 ** Authenticating as palace0261@naver.com
25-05-09 16:14:01 >> AUTH LOGIN<EOL>
25-05-09 16:14:01 << 334 VXNlcm5hbWU6<EOL>
25-05-09 16:14:01 >> cGFsYWNlMDI2MUBuYXZlci5jb20=<EOL>
25-05-09 16:14:01 << 334 UGFzc3dvcmQ6<EOL>
25-05-09 16:14:01 >> U2ljNzkwIUAj<EOL>
25-05-09 16:14:01 << 235 2.7.0 Accepted mnpo+se+TB61Lyx2ZAHY9Q - nsmtp<EOL>
25-05-09 16:14:01 >> MAIL FROM: <palace0261@naver.com><EOL>
25-05-09 16:14:01 << 250 2.1.0 OK mnpo+se+TB61Lyx2ZAHY9Q - nsmtp<EOL>
25-05-09 16:14:01 >> RCPT TO: <palace0261@naver.com><EOL>
25-05-09 16:14:01 << 250 2.1.5 OK mnpo+se+TB61Lyx2ZAHY9Q - nsmtp<EOL>
25-05-09 16:14:01 >> DATA<EOL>
25-05-09 16:14:01 << 354 Go ahead mnpo+se+TB61Lyx2ZAHY9Q - nsmtp<EOL>
25-05-09 16:14:01 >> Date: Fri, 9 May 2025 16:14:01 +0900<EOL>
25-05-09 16:14:01 >> To: palace0261@naver.com<EOL>
25-05-09 16:14:01 >> Subject: Form Submission<EOL>
25-05-09 16:14:01 >> From: webmaster@example.com<EOL>
25-05-09 16:14:01 >> Reply-To: webmaster@example.com<EOL>
25-05-09 16:14:01 >> Content-Type: text/plain; charset=UTF-8<EOL>
25-05-09 16:14:01 >> <EOL>
25-05-09 16:14:01 >> This is a test email sent from the form.<EOL>
25-05-09 16:14:01 >> .<EOL>
25-05-09 16:14:01 << 554 5.7.1 The sender address is unauthorized mnpo+se+TB61Lyx2ZAHY9Q - nsmtp<EOL>
25-05-09 16:14:01 ** Disconnecting from smtp.naver.com:465
25-05-09 16:14:01 ** Disconnected.
25-05-09 16:14:01 ** Disconnected.
25-05-09 16:14:01 ** The sender address is unauthorized mnpo+se+TB61Lyx2ZAHY9Q - nsmtp<EOL>
