2025-05-09 11:35:26 0 [Note] Starting MariaDB 10.4.32-MariaDB source revision c4143f909528e3fab0677a28631d10389354c491 as process 11704
2025-05-09 11:35:26 0 [Note] InnoDB: Mutexes and rw_locks use Windows interlocked functions
2025-05-09 11:35:26 0 [Note] InnoDB: Uses event mutexes
2025-05-09 11:35:26 0 [Note] InnoDB: Compressed tables use zlib 1.3
2025-05-09 11:35:26 0 [Note] InnoDB: Number of pools: 1
2025-05-09 11:35:26 0 [Note] InnoDB: Using SSE2 crc32 instructions
2025-05-09 11:35:26 0 [Note] InnoDB: Initializing buffer pool, total size = 16M, instances = 1, chunk size = 16M
2025-05-09 11:35:26 0 [Note] InnoDB: Completed initialization of buffer pool
2025-05-09 11:35:26 0 [Note] InnoDB: Starting crash recovery from checkpoint LSN=300288
2025-05-09 11:35:26 0 [Note] InnoDB: 128 out of 128 rollback segments are active.
2025-05-09 11:35:26 0 [Note] InnoDB: Removed temporary tablespace data file: "ibtmp1"
2025-05-09 11:35:26 0 [Note] InnoDB: Creating shared tablespace for temporary tables
2025-05-09 11:35:26 0 [Note] InnoDB: Setting file 'C:\xampp\mysql\data\ibtmp1' size to 12 MB. Physically writing the file full; Please wait ...
2025-05-09 11:35:26 0 [Note] InnoDB: File 'C:\xampp\mysql\data\ibtmp1' size is now 12 MB.
2025-05-09 11:35:26 0 [Note] InnoDB: Waiting for purge to start
2025-05-09 11:35:26 0 [Note] InnoDB: 10.4.32 started; log sequence number 300297; transaction id 170
2025-05-09 11:35:26 0 [Note] InnoDB: Loading buffer pool(s) from C:\xampp\mysql\data\ib_buffer_pool
2025-05-09 11:35:26 0 [Note] Plugin 'FEEDBACK' is disabled.
2025-05-09 11:35:26 0 [Note] InnoDB: Buffer pool(s) load completed at 250509 11:35:26
2025-05-09 11:35:26 0 [Note] Server socket created on IP: '::'.
2025-05-09 18:02:58 0 [Note] Starting MariaDB 10.4.32-MariaDB source revision c4143f909528e3fab0677a28631d10389354c491 as process 28692
2025-05-09 18:02:58 0 [Note] InnoDB: Mutexes and rw_locks use Windows interlocked functions
2025-05-09 18:02:58 0 [Note] InnoDB: Uses event mutexes
2025-05-09 18:02:58 0 [Note] InnoDB: Compressed tables use zlib 1.3
2025-05-09 18:02:58 0 [Note] InnoDB: Number of pools: 1
2025-05-09 18:02:58 0 [Note] InnoDB: Using SSE2 crc32 instructions
2025-05-09 18:02:58 0 [Note] InnoDB: Initializing buffer pool, total size = 16M, instances = 1, chunk size = 16M
2025-05-09 18:02:58 0 [Note] InnoDB: Completed initialization of buffer pool
2025-05-09 18:02:58 0 [Note] InnoDB: Starting crash recovery from checkpoint LSN=300306
2025-05-09 18:02:58 0 [Note] InnoDB: 128 out of 128 rollback segments are active.
2025-05-09 18:02:58 0 [Note] InnoDB: Removed temporary tablespace data file: "ibtmp1"
2025-05-09 18:02:58 0 [Note] InnoDB: Creating shared tablespace for temporary tables
2025-05-09 18:02:58 0 [Note] InnoDB: Setting file 'C:\xampp\mysql\data\ibtmp1' size to 12 MB. Physically writing the file full; Please wait ...
2025-05-09 18:02:58 0 [Note] InnoDB: File 'C:\xampp\mysql\data\ibtmp1' size is now 12 MB.
2025-05-09 18:02:58 0 [Note] InnoDB: Waiting for purge to start
2025-05-09 18:02:58 0 [Note] InnoDB: 10.4.32 started; log sequence number 300315; transaction id 170
2025-05-09 18:02:58 0 [Note] InnoDB: Loading buffer pool(s) from C:\xampp\mysql\data\ib_buffer_pool
2025-05-09 18:02:58 0 [Note] Plugin 'FEEDBACK' is disabled.
2025-05-09 18:02:58 0 [Note] InnoDB: Buffer pool(s) load completed at 250509 18:02:58
2025-05-09 18:02:58 0 [Note] Server socket created on IP: '::'.
2025-05-12 12:37:49 0 [Note] Starting MariaDB 10.4.32-MariaDB source revision c4143f909528e3fab0677a28631d10389354c491 as process 17480
2025-05-12 12:37:49 0 [Note] InnoDB: Mutexes and rw_locks use Windows interlocked functions
2025-05-12 12:37:49 0 [Note] InnoDB: Uses event mutexes
2025-05-12 12:37:49 0 [Note] InnoDB: Compressed tables use zlib 1.3
2025-05-12 12:37:49 0 [Note] InnoDB: Number of pools: 1
2025-05-12 12:37:49 0 [Note] InnoDB: Using SSE2 crc32 instructions
2025-05-12 12:37:49 0 [Note] InnoDB: Initializing buffer pool, total size = 16M, instances = 1, chunk size = 16M
2025-05-12 12:37:49 0 [Note] InnoDB: Completed initialization of buffer pool
2025-05-12 12:37:49 0 [Note] InnoDB: Starting crash recovery from checkpoint LSN=300324
2025-05-12 12:37:50 0 [Note] InnoDB: 128 out of 128 rollback segments are active.
2025-05-12 12:37:50 0 [Note] InnoDB: Removed temporary tablespace data file: "ibtmp1"
2025-05-12 12:37:50 0 [Note] InnoDB: Creating shared tablespace for temporary tables
2025-05-12 12:37:50 0 [Note] InnoDB: Setting file 'C:\xampp\mysql\data\ibtmp1' size to 12 MB. Physically writing the file full; Please wait ...
2025-05-12 12:37:50 0 [Note] InnoDB: File 'C:\xampp\mysql\data\ibtmp1' size is now 12 MB.
2025-05-12 12:37:50 0 [Note] InnoDB: Waiting for purge to start
2025-05-12 12:37:50 0 [Note] InnoDB: 10.4.32 started; log sequence number 300333; transaction id 170
2025-05-12 12:37:50 0 [Note] InnoDB: Loading buffer pool(s) from C:\xampp\mysql\data\ib_buffer_pool
2025-05-12 12:37:50 0 [Note] Plugin 'FEEDBACK' is disabled.
2025-05-12 12:37:50 0 [Note] InnoDB: Buffer pool(s) load completed at 250512 12:37:50
2025-05-12 12:37:50 0 [Note] Server socket created on IP: '::'.
2025-05-19 17:52:25 0 [Note] Starting MariaDB 10.4.32-MariaDB source revision c4143f909528e3fab0677a28631d10389354c491 as process 18172
2025-05-19 17:52:25 0 [Note] InnoDB: Mutexes and rw_locks use Windows interlocked functions
2025-05-19 17:52:25 0 [Note] InnoDB: Uses event mutexes
2025-05-19 17:52:25 0 [Note] InnoDB: Compressed tables use zlib 1.3
2025-05-19 17:52:25 0 [Note] InnoDB: Number of pools: 1
2025-05-19 17:52:25 0 [Note] InnoDB: Using SSE2 crc32 instructions
2025-05-19 17:52:25 0 [Note] InnoDB: Initializing buffer pool, total size = 16M, instances = 1, chunk size = 16M
2025-05-19 17:52:25 0 [Note] InnoDB: Completed initialization of buffer pool
2025-05-19 17:52:25 0 [Note] InnoDB: Starting crash recovery from checkpoint LSN=300342
2025-05-19 17:52:25 0 [Note] InnoDB: 128 out of 128 rollback segments are active.
2025-05-19 17:52:25 0 [Note] InnoDB: Removed temporary tablespace data file: "ibtmp1"
2025-05-19 17:52:25 0 [Note] InnoDB: Creating shared tablespace for temporary tables
2025-05-19 17:52:25 0 [Note] InnoDB: Setting file 'C:\xampp\mysql\data\ibtmp1' size to 12 MB. Physically writing the file full; Please wait ...
2025-05-19 17:52:25 0 [Note] InnoDB: File 'C:\xampp\mysql\data\ibtmp1' size is now 12 MB.
2025-05-19 17:52:25 0 [Note] InnoDB: Waiting for purge to start
2025-05-19 17:52:25 0 [Note] InnoDB: 10.4.32 started; log sequence number 300351; transaction id 170
2025-05-19 17:52:25 0 [Note] InnoDB: Loading buffer pool(s) from C:\xampp\mysql\data\ib_buffer_pool
2025-05-19 17:52:25 0 [Note] Plugin 'FEEDBACK' is disabled.
2025-05-19 17:52:25 0 [Note] InnoDB: Buffer pool(s) load completed at 250519 17:52:25
2025-05-19 17:52:25 0 [Note] Server socket created on IP: '::'.
2025-05-20 11:14:48 0 [Note] Starting MariaDB 10.4.32-MariaDB source revision c4143f909528e3fab0677a28631d10389354c491 as process 20292
2025-05-20 11:14:48 0 [Note] InnoDB: Mutexes and rw_locks use Windows interlocked functions
2025-05-20 11:14:48 0 [Note] InnoDB: Uses event mutexes
2025-05-20 11:14:48 0 [Note] InnoDB: Compressed tables use zlib 1.3
2025-05-20 11:14:48 0 [Note] InnoDB: Number of pools: 1
2025-05-20 11:14:48 0 [Note] InnoDB: Using SSE2 crc32 instructions
2025-05-20 11:14:48 0 [Note] InnoDB: Initializing buffer pool, total size = 16M, instances = 1, chunk size = 16M
2025-05-20 11:14:48 0 [Note] InnoDB: Completed initialization of buffer pool
2025-05-20 11:14:48 0 [Note] InnoDB: Starting crash recovery from checkpoint LSN=300360
2025-05-20 11:14:49 0 [Note] InnoDB: 128 out of 128 rollback segments are active.
2025-05-20 11:14:49 0 [Note] InnoDB: Removed temporary tablespace data file: "ibtmp1"
2025-05-20 11:14:49 0 [Note] InnoDB: Creating shared tablespace for temporary tables
2025-05-20 11:14:49 0 [Note] InnoDB: Setting file 'C:\xampp\mysql\data\ibtmp1' size to 12 MB. Physically writing the file full; Please wait ...
2025-05-20 11:14:49 0 [Note] InnoDB: File 'C:\xampp\mysql\data\ibtmp1' size is now 12 MB.
2025-05-20 11:14:49 0 [Note] InnoDB: Waiting for purge to start
2025-05-20 11:14:49 0 [Note] InnoDB: 10.4.32 started; log sequence number 300369; transaction id 170
2025-05-20 11:14:49 0 [Note] InnoDB: Loading buffer pool(s) from C:\xampp\mysql\data\ib_buffer_pool
2025-05-20 11:14:49 0 [Note] Plugin 'FEEDBACK' is disabled.
2025-05-20 11:14:49 0 [Note] InnoDB: Buffer pool(s) load completed at 250520 11:14:49
2025-05-20 11:14:49 0 [Note] Server socket created on IP: '::'.
2025-05-21 11:40:43 0 [Note] Starting MariaDB 10.4.32-MariaDB source revision c4143f909528e3fab0677a28631d10389354c491 as process 18740
2025-05-21 11:40:43 0 [Note] InnoDB: Mutexes and rw_locks use Windows interlocked functions
2025-05-21 11:40:43 0 [Note] InnoDB: Uses event mutexes
2025-05-21 11:40:43 0 [Note] InnoDB: Compressed tables use zlib 1.3
2025-05-21 11:40:43 0 [Note] InnoDB: Number of pools: 1
2025-05-21 11:40:43 0 [Note] InnoDB: Using SSE2 crc32 instructions
2025-05-21 11:40:43 0 [Note] InnoDB: Initializing buffer pool, total size = 16M, instances = 1, chunk size = 16M
2025-05-21 11:40:43 0 [Note] InnoDB: Completed initialization of buffer pool
2025-05-21 11:40:43 0 [Note] InnoDB: Starting crash recovery from checkpoint LSN=300378
2025-05-21 11:40:43 0 [Note] InnoDB: 128 out of 128 rollback segments are active.
2025-05-21 11:40:43 0 [Note] InnoDB: Removed temporary tablespace data file: "ibtmp1"
2025-05-21 11:40:43 0 [Note] InnoDB: Creating shared tablespace for temporary tables
2025-05-21 11:40:43 0 [Note] InnoDB: Setting file 'C:\xampp\mysql\data\ibtmp1' size to 12 MB. Physically writing the file full; Please wait ...
2025-05-21 11:40:43 0 [Note] InnoDB: File 'C:\xampp\mysql\data\ibtmp1' size is now 12 MB.
2025-05-21 11:40:43 0 [Note] InnoDB: Waiting for purge to start
2025-05-21 11:40:43 0 [Note] InnoDB: 10.4.32 started; log sequence number 300387; transaction id 170
2025-05-21 11:40:43 0 [Note] InnoDB: Loading buffer pool(s) from C:\xampp\mysql\data\ib_buffer_pool
2025-05-21 11:40:43 0 [Note] Plugin 'FEEDBACK' is disabled.
2025-05-21 11:40:43 0 [Note] InnoDB: Buffer pool(s) load completed at 250521 11:40:43
2025-05-21 11:40:43 0 [Note] Server socket created on IP: '::'.
2025-11-17 17:02:05 0 [Note] Starting MariaDB 10.4.32-MariaDB source revision c4143f909528e3fab0677a28631d10389354c491 as process 22012
2025-11-17 17:02:05 0 [Note] InnoDB: Mutexes and rw_locks use Windows interlocked functions
2025-11-17 17:02:05 0 [Note] InnoDB: Uses event mutexes
2025-11-17 17:02:05 0 [Note] InnoDB: Compressed tables use zlib 1.3
2025-11-17 17:02:05 0 [Note] InnoDB: Number of pools: 1
2025-11-17 17:02:05 0 [Note] InnoDB: Using SSE2 crc32 instructions
2025-11-17 17:02:05 0 [Note] InnoDB: Initializing buffer pool, total size = 16M, instances = 1, chunk size = 16M
2025-11-17 17:02:05 0 [Note] InnoDB: Completed initialization of buffer pool
2025-11-17 17:02:05 0 [Note] InnoDB: Starting crash recovery from checkpoint LSN=300396
2025-11-17 17:02:06 0 [Note] InnoDB: 128 out of 128 rollback segments are active.
2025-11-17 17:02:06 0 [Note] InnoDB: Removed temporary tablespace data file: "ibtmp1"
2025-11-17 17:02:06 0 [Note] InnoDB: Creating shared tablespace for temporary tables
2025-11-17 17:02:06 0 [Note] InnoDB: Setting file 'C:\xampp\mysql\data\ibtmp1' size to 12 MB. Physically writing the file full; Please wait ...
2025-11-17 17:02:06 0 [Note] InnoDB: File 'C:\xampp\mysql\data\ibtmp1' size is now 12 MB.
2025-11-17 17:02:06 0 [Note] InnoDB: Waiting for purge to start
2025-11-17 17:02:06 0 [Note] InnoDB: 10.4.32 started; log sequence number 300405; transaction id 170
2025-11-17 17:02:06 0 [Note] InnoDB: Loading buffer pool(s) from C:\xampp\mysql\data\ib_buffer_pool
2025-11-17 17:02:06 0 [Note] Plugin 'FEEDBACK' is disabled.
2025-11-17 17:02:06 0 [Note] InnoDB: Buffer pool(s) load completed at 251117 17:02:06
2025-11-17 17:02:06 0 [Note] Server socket created on IP: '::'.
2025-11-17 17:38:54 0 [Note] Starting MariaDB 10.4.32-MariaDB source revision c4143f909528e3fab0677a28631d10389354c491 as process 4824
2025-11-17 17:38:54 0 [Note] InnoDB: Mutexes and rw_locks use Windows interlocked functions
2025-11-17 17:38:54 0 [Note] InnoDB: Uses event mutexes
2025-11-17 17:38:54 0 [Note] InnoDB: Compressed tables use zlib 1.3
2025-11-17 17:38:54 0 [Note] InnoDB: Number of pools: 1
2025-11-17 17:38:54 0 [Note] InnoDB: Using SSE2 crc32 instructions
2025-11-17 17:38:54 0 [Note] InnoDB: Initializing buffer pool, total size = 16M, instances = 1, chunk size = 16M
2025-11-17 17:38:54 0 [Note] InnoDB: Completed initialization of buffer pool
2025-11-17 17:38:54 0 [Note] InnoDB: Starting crash recovery from checkpoint LSN=306400
2025-11-17 17:38:54 0 [Note] InnoDB: 128 out of 128 rollback segments are active.
2025-11-17 17:38:54 0 [Note] InnoDB: Removed temporary tablespace data file: "ibtmp1"
2025-11-17 17:38:54 0 [Note] InnoDB: Creating shared tablespace for temporary tables
2025-11-17 17:38:54 0 [Note] InnoDB: Setting file 'C:\xampp\mysql\data\ibtmp1' size to 12 MB. Physically writing the file full; Please wait ...
2025-11-17 17:38:54 0 [Note] InnoDB: File 'C:\xampp\mysql\data\ibtmp1' size is now 12 MB.
2025-11-17 17:38:54 0 [Note] InnoDB: Waiting for purge to start
2025-11-17 17:38:54 0 [Note] InnoDB: 10.4.32 started; log sequence number 306409; transaction id 207
2025-11-17 17:38:54 0 [Note] InnoDB: Loading buffer pool(s) from C:\xampp\mysql\data\ib_buffer_pool
2025-11-17 17:38:54 0 [Note] Plugin 'FEEDBACK' is disabled.
2025-11-17 17:38:54 0 [Note] Server socket created on IP: '::'.
2025-11-24 17:26:08 0 [Note] Starting MariaDB 10.4.32-MariaDB source revision c4143f909528e3fab0677a28631d10389354c491 as process 24912
2025-11-24 17:26:08 0 [Note] InnoDB: Mutexes and rw_locks use Windows interlocked functions
2025-11-24 17:26:08 0 [Note] InnoDB: Uses event mutexes
2025-11-24 17:26:08 0 [Note] InnoDB: Compressed tables use zlib 1.3
2025-11-24 17:26:08 0 [Note] InnoDB: Number of pools: 1
2025-11-24 17:26:08 0 [Note] InnoDB: Using SSE2 crc32 instructions
2025-11-24 17:26:08 0 [Note] InnoDB: Initializing buffer pool, total size = 16M, instances = 1, chunk size = 16M
2025-11-24 17:26:08 0 [Note] InnoDB: Completed initialization of buffer pool
2025-11-24 17:26:08 0 [Note] InnoDB: Starting crash recovery from checkpoint LSN=313969
2025-11-24 17:26:09 0 [Note] InnoDB: 128 out of 128 rollback segments are active.
2025-11-24 17:26:09 0 [Note] InnoDB: Removed temporary tablespace data file: "ibtmp1"
2025-11-24 17:26:09 0 [Note] InnoDB: Creating shared tablespace for temporary tables
2025-11-24 17:26:09 0 [Note] InnoDB: Setting file 'C:\xampp\mysql\data\ibtmp1' size to 12 MB. Physically writing the file full; Please wait ...
2025-11-24 17:26:09 0 [Note] InnoDB: File 'C:\xampp\mysql\data\ibtmp1' size is now 12 MB.
2025-11-24 17:26:09 0 [Note] InnoDB: Waiting for purge to start
2025-11-24 17:26:09 0 [Note] InnoDB: 10.4.32 started; log sequence number 313978; transaction id 250
2025-11-24 17:26:09 0 [Note] Plugin 'FEEDBACK' is disabled.
2025-11-24 17:26:09 0 [Note] InnoDB: Loading buffer pool(s) from C:\xampp\mysql\data\ib_buffer_pool
2025-11-24 17:26:09 0 [Note] InnoDB: Buffer pool(s) load completed at 251124 17:26:09
2025-11-24 17:26:09 0 [Note] Server socket created on IP: '::'.
2025-11-24 17:37:48 0 [Note] Starting MariaDB 10.4.32-MariaDB source revision c4143f909528e3fab0677a28631d10389354c491 as process 3612
2025-11-24 17:37:48 0 [Note] mysqld.exe: Aria engine: starting recovery
recovered pages: 0% 100% (0.0 seconds); tables to flush: 1 0
 (0.0 seconds); 
2025-11-24 17:37:48 0 [Note] mysqld.exe: Aria engine: recovery done
2025-11-24 17:37:48 0 [Note] InnoDB: Mutexes and rw_locks use Windows interlocked functions
2025-11-24 17:37:48 0 [Note] InnoDB: Uses event mutexes
2025-11-24 17:37:48 0 [Note] InnoDB: Compressed tables use zlib 1.3
2025-11-24 17:37:48 0 [Note] InnoDB: Number of pools: 1
2025-11-24 17:37:48 0 [Note] InnoDB: Using SSE2 crc32 instructions
2025-11-24 17:37:48 0 [Note] InnoDB: Initializing buffer pool, total size = 16M, instances = 1, chunk size = 16M
2025-11-24 17:37:48 0 [Note] InnoDB: Completed initialization of buffer pool
2025-11-24 17:37:48 0 [Note] InnoDB: Starting crash recovery from checkpoint LSN=314834
2025-11-24 17:37:48 0 [Note] InnoDB: 128 out of 128 rollback segments are active.
2025-11-24 17:37:48 0 [Note] InnoDB: Removed temporary tablespace data file: "ibtmp1"
2025-11-24 17:37:48 0 [Note] InnoDB: Creating shared tablespace for temporary tables
2025-11-24 17:37:48 0 [Note] InnoDB: Setting file 'C:\xampp\mysql\data\ibtmp1' size to 12 MB. Physically writing the file full; Please wait ...
2025-11-24 17:37:48 0 [Note] InnoDB: File 'C:\xampp\mysql\data\ibtmp1' size is now 12 MB.
2025-11-24 17:37:48 0 [Note] InnoDB: Waiting for purge to start
2025-11-24 17:37:49 0 [Note] InnoDB: 10.4.32 started; log sequence number 314843; transaction id 277
2025-11-24 17:37:49 0 [Note] InnoDB: Loading buffer pool(s) from C:\xampp\mysql\data\ib_buffer_pool
2025-11-24 17:37:49 0 [Note] Plugin 'FEEDBACK' is disabled.
2025-11-24 17:37:49 0 [Note] Server socket created on IP: '::'.
2025-11-24 17:37:49 0 [Note] Inno2025-12-17 17:43:46 0 [Note] Starting MariaDB 10.4.32-MariaDB source revision c4143f909528e3fab0677a28631d10389354c491 as process 6440
2025-12-17 17:43:46 0 [Note] InnoDB: Mutexes and rw_locks use Windows interlocked functions
2025-12-17 17:43:46 0 [Note] InnoDB: Uses event mutexes
2025-12-17 17:43:46 0 [Note] InnoDB: Compressed tables use zlib 1.3
2025-12-17 17:43:46 0 [Note] InnoDB: Number of pools: 1
2025-12-17 17:43:46 0 [Note] InnoDB: Using SSE2 crc32 instructions
2025-12-17 17:43:46 0 [Note] InnoDB: Initializing buffer pool, total size = 16M, instances = 1, chunk size = 16M
2025-12-17 17:43:46 0 [Note] InnoDB: Completed initialization of buffer pool
2025-12-17 17:43:46 0 [Note] InnoDB: Starting crash recovery from checkpoint LSN=315583
2025-12-17 17:43:46 0 [Note] InnoDB: 128 out of 128 rollback segments are active.
2025-12-17 17:43:46 0 [Note] InnoDB: Removed temporary tablespace data file: "ibtmp1"
2025-12-17 17:43:46 0 [Note] InnoDB: Creating shared tablespace for temporary tables
2025-12-17 17:43:46 0 [Note] InnoDB: Setting file 'C:\xampp\mysql\data\ibtmp1' size to 12 MB. Physically writing the file full; Please wait ...
2025-12-17 17:43:46 0 [Note] InnoDB: File 'C:\xampp\mysql\data\ibtmp1' size is now 12 MB.
2025-12-17 17:43:46 0 [Note] InnoDB: Waiting for purge to start
2025-12-17 17:43:46 0 [Note] InnoDB: 10.4.32 started; log sequence number 315592; transaction id 304
2025-12-17 17:43:46 0 [Note] Plugin 'FEEDBACK' is disabled.
2025-12-17 17:43:46 0 [Note] InnoDB: Loading buffer pool(s) from C:\xampp\mysql\data\ib_buffer_pool
2025-12-17 17:43:46 0 [Note] InnoDB: Buffer pool(s) load completed at 251217 17:43:46
2025-12-17 17:43:46 0 [Note] Server socket created on IP: '::'.
2025-12-18 10:41:48 0 [Note] Starting MariaDB 10.4.32-MariaDB source revision c4143f909528e3fab0677a28631d10389354c491 as process 8780
2025-12-18 10:41:48 0 [Note] mysqld.exe: Aria engine: starting recovery
recovered pages: 0% 100% (0.0 seconds); tables to flush: 1 0
 (0.0 seconds); 
2025-12-18 10:41:48 0 [Note] mysqld.exe: Aria engine: recovery done
2025-12-18 10:41:48 0 [Note] InnoDB: Mutexes and rw_locks use Windows interlocked functions
2025-12-18 10:41:48 0 [Note] InnoDB: Uses event mutexes
2025-12-18 10:41:48 0 [Note] InnoDB: Compressed tables use zlib 1.3
2025-12-18 10:41:48 0 [Note] InnoDB: Number of pools: 1
2025-12-18 10:41:48 0 [Note] InnoDB: Using SSE2 crc32 instructions
2025-12-18 10:41:48 0 [Note] InnoDB: Initializing buffer pool, total size = 16M, instances = 1, chunk size = 16M
2025-12-18 10:41:48 0 [Note] InnoDB: Completed initialization of buffer pool
2025-12-18 10:41:48 0 [Note] InnoDB: Starting crash recovery from checkpoint LSN=323980
2025-12-18 10:41:48 0 [Note] InnoDB: 128 out of 128 rollback segments are active.
2025-12-18 10:41:48 0 [Note] InnoDB: Removed temporary tablespace data file: "ibtmp1"
2025-12-18 10:41:48 0 [Note] InnoDB: Creating shared tablespace for temporary tables
2025-12-18 10:41:48 0 [Note] InnoDB: Setting file 'C:\xampp\mysql\data\ibtmp1' size to 12 MB. Physically writing the file full; Please wait ...
2025-12-18 10:41:48 0 [Note] InnoDB: File 'C:\xampp\mysql\data\ibtmp1' size is now 12 MB.
2025-12-18 10:41:48 0 [Note] InnoDB: Waiting for purge to start
2025-12-18 10:41:48 0 [Note] InnoDB: 10.4.32 started; log sequence number 323989; transaction id 360
2025-12-18 10:41:48 0 [Note] InnoDB: Loading buffer pool(s) from C:\xampp\mysql\data\ib_buffer_pool
2025-12-18 10:41:48 0 [Note] Plugin 'FEEDBACK' is disabled.
2025-12-18 10:41:48 0 [Note] InnoDB: Buffer pool(s) load completed at 251218 10:41:48
2025-12-18 10:41:48 0 [Note] Server socket created on IP: '::'.
